# JRE version: OpenJDK Runtime Environment (8.0_242) (build 1.8.0_242-release-1644-b3-6222593)
# Java VM: OpenJDK 64-Bit Server VM (25.242-b3-6222593 mixed mode linux-amd64 compressed oops)
Heap:
 PSYoungGen      total 114688K, used 58880K [0x00000000f5580000, 0x0000000100000000, 0x0000000100000000)
  eden space 58880K, 100% used [0x00000000f5580000,0x00000000f8f00000,0x00000000f8f00000)
  from space 55808K, 0% used [0x00000000fc980000,0x00000000fc980000,0x0000000100000000)
  to   space 57856K, 0% used [0x00000000f8f00000,0x00000000f8f00000,0x00000000fc780000)
 ParOldGen       total 349696K, used 349364K [0x00000000e0000000, 0x00000000f5580000, 0x00000000f5580000)
  object space 349696K, 99% used [0x00000000e0000000,0x00000000f552d360,0x00000000f5580000)
 Metaspace       used 113597K, capacity 119386K, committed 127656K, reserved 1161216K
  class space    used 14190K, capacity 15186K, committed 16304K, reserved 1048576K
GC Heap History (10 events):
Event: 13162,767 GC heap after
Heap after GC invocations=4801 (full 4598):
 PSYoungGen      total 114688K, used 58879K [0x00000000f5580000, 0x0000000100000000, 0x0000000100000000)
  eden space 58880K, 99% used [0x00000000f5580000,0x00000000f8efff28,0x00000000f8f00000)
  from space 55808K, 0% used [0x00000000fc980000,0x00000000fc980000,0x0000000100000000)
  to   space 57856K, 0% used [0x00000000f8f00000,0x00000000f8f00000,0x00000000fc780000)
 ParOldGen       total 349696K, used 349362K [0x00000000e0000000, 0x00000000f5580000, 0x00000000f5580000)
  object space 349696K, 99% used [0x00000000e0000000,0x00000000f552c9b8,0x00000000f5580000)
 Metaspace       used 113596K, capacity 119386K, committed 127656K, reserved 1161216K
  class space    used 14190K, capacity 15186K, committed 16304K, reserved 1048576K
}
Event: 13162,767 GC heap before
{Heap before GC invocations=4802 (full 4599):
 PSYoungGen      total 114688K, used 58879K [0x00000000f5580000, 0x0000000100000000, 0x0000000100000000)
  eden space 58880K, 99% used [0x00000000f5580000,0x00000000f8efff50,0x00000000f8f00000)
  from space 55808K, 0% used [0x00000000fc980000,0x00000000fc980000,0x0000000100000000)
  to   space 57856K, 0% used [0x00000000f8f00000,0x00000000f8f00000,0x00000000fc780000)
 ParOldGen       total 349696K, used 349362K [0x00000000e0000000, 0x00000000f5580000, 0x00000000f5580000)
  object space 349696K, 99% used [0x00000000e0000000,0x00000000f552c9b8,0x00000000f5580000)
 Metaspace       used 113596K, capacity 119386K, committed 127656K, reserved 1161216K
  class space    used 14190K, capacity 15186K, committed 16304K, reserved 1048576K
Event: 13165,885 GC heap after
Heap after GC invocations=4802 (full 4599):
 PSYoungGen      total 114688K, used 58879K [0x00000000f5580000, 0x0000000100000000, 0x0000000100000000)
  eden space 58880K, 99% used [0x00000000f5580000,0x00000000f8efff50,0x00000000f8f00000)
  from space 55808K, 0% used [0x00000000fc980000,0x00000000fc980000,0x0000000100000000)
  to   space 57856K, 0% used [0x00000000f8f00000,0x00000000f8f00000,0x00000000fc780000)
 ParOldGen       total 349696K, used 349362K [0x00000000e0000000, 0x00000000f5580000, 0x00000000f5580000)
  object space 349696K, 99% used [0x00000000e0000000,0x00000000f552c9b8,0x00000000f5580000)
 Metaspace       used 113596K, capacity 119386K, committed 127656K, reserved 1161216K
  class space    used 14190K, capacity 15186K, committed 16304K, reserved 1048576K
}
Event: 13165,886 GC heap before
{Heap before GC invocations=4803 (full 4600):
 PSYoungGen      total 114688K, used 58880K [0x00000000f5580000, 0x0000000100000000, 0x0000000100000000)
  eden space 58880K, 100% used [0x00000000f5580000,0x00000000f8f00000,0x00000000f8f00000)
  from space 55808K, 0% used [0x00000000fc980000,0x00000000fc980000,0x0000000100000000)
  to   space 57856K, 0% used [0x00000000f8f00000,0x00000000f8f00000,0x00000000fc780000)
 ParOldGen       total 349696K, used 349365K [0x00000000e0000000, 0x00000000f5580000, 0x00000000f5580000)
  object space 349696K, 99% used [0x00000000e0000000,0x00000000f552d4f8,0x00000000f5580000)
 Metaspace       used 113596K, capacity 119386K, committed 127656K, reserved 1161216K
  class space    used 14190K, capacity 15186K, committed 16304K, reserved 1048576K
Event: 13167,444 GC heap after
Heap after GC invocations=4803 (full 4600):
 PSYoungGen      total 114688K, used 58879K [0x00000000f5580000, 0x0000000100000000, 0x0000000100000000)
  eden space 58880K, 99% used [0x00000000f5580000,0x00000000f8effeb0,0x00000000f8f00000)
  from space 55808K, 0% used [0x00000000fc980000,0x00000000fc980000,0x0000000100000000)
  to   space 57856K, 0% used [0x00000000f8f00000,0x00000000f8f00000,0x00000000fc780000)
 ParOldGen       total 349696K, used 349362K [0x00000000e0000000, 0x00000000f5580000, 0x00000000f5580000)
  object space 349696K, 99% used [0x00000000e0000000,0x00000000f552c978,0x00000000f5580000)
 Metaspace       used 113596K, capacity 119386K, committed 127656K, reserved 1161216K
  class space    used 14190K, capacity 15186K, committed 16304K, reserved 1048576K
}
Event: 13167,444 GC heap before
{Heap before GC invocations=4804 (full 4601):
 PSYoungGen      total 114688K, used 58880K [0x00000000f5580000, 0x0000000100000000, 0x0000000100000000)
  eden space 58880K, 100% used [0x00000000f5580000,0x00000000f8f00000,0x00000000f8f00000)
  from space 55808K, 0% used [0x00000000fc980000,0x00000000fc980000,0x0000000100000000)
  to   space 57856K, 0% used [0x00000000f8f00000,0x00000000f8f00000,0x00000000fc780000)
 ParOldGen       total 349696K, used 349362K [0x00000000e0000000, 0x00000000f5580000, 0x00000000f5580000)
  object space 349696K, 99% used [0x00000000e0000000,0x00000000f552c978,0x00000000f5580000)
 Metaspace       used 113596K, capacity 119386K, committed 127656K, reserved 1161216K
  class space    used 14190K, capacity 15186K, committed 16304K, reserved 1048576K
Event: 13172,495 GC heap after
Heap after GC invocations=4804 (full 4601):
 PSYoungGen      total 114688K, used 58879K [0x00000000f5580000, 0x0000000100000000, 0x0000000100000000)
  eden space 58880K, 99% used [0x00000000f5580000,0x00000000f8effef8,0x00000000f8f00000)
  from space 55808K, 0% used [0x00000000fc980000,0x00000000fc980000,0x0000000100000000)
  to   space 57856K, 0% used [0x00000000f8f00000,0x00000000f8f00000,0x00000000fc780000)
 ParOldGen       total 349696K, used 349361K [0x00000000e0000000, 0x00000000f5580000, 0x00000000f5580000)
  object space 349696K, 99% used [0x00000000e0000000,0x00000000f552c7c8,0x00000000f5580000)
 Metaspace       used 113596K, capacity 119386K, committed 127656K, reserved 1161216K
  class space    used 14190K, capacity 15186K, committed 16304K, reserved 1048576K
}
Event: 13172,502 GC heap before
{Heap before GC invocations=4805 (full 4602):
 PSYoungGen      total 114688K, used 58880K [0x00000000f5580000, 0x0000000100000000, 0x0000000100000000)
  eden space 58880K, 100% used [0x00000000f5580000,0x00000000f8f00000,0x00000000f8f00000)
  from space 55808K, 0% used [0x00000000fc980000,0x00000000fc980000,0x0000000100000000)
  to   space 57856K, 0% used [0x00000000f8f00000,0x00000000f8f00000,0x00000000fc780000)
 ParOldGen       total 349696K, used 349361K [0x00000000e0000000, 0x00000000f5580000, 0x00000000f5580000)
  object space 349696K, 99% used [0x00000000e0000000,0x00000000f552c7c8,0x00000000f5580000)
 Metaspace       used 113596K, capacity 119386K, committed 127656K, reserved 1161216K
  class space    used 14190K, capacity 15186K, committed 16304K, reserved 1048576K
Event: 13178,432 GC heap after
Heap after GC invocations=4805 (full 4602):
 PSYoungGen      total 114688K, used 58879K [0x00000000f5580000, 0x0000000100000000, 0x0000000100000000)
  eden space 58880K, 99% used [0x00000000f5580000,0x00000000f8efff90,0x00000000f8f00000)
  from space 55808K, 0% used [0x00000000fc980000,0x00000000fc980000,0x0000000100000000)
  to   space 57856K, 0% used [0x00000000f8f00000,0x00000000f8f00000,0x00000000fc780000)
 ParOldGen       total 349696K, used 349361K [0x00000000e0000000, 0x00000000f5580000, 0x00000000f5580000)
  object space 349696K, 99% used [0x00000000e0000000,0x00000000f552c7c8,0x00000000f5580000)
 Metaspace       used 113596K, capacity 119386K, committed 127656K, reserved 1161216K
  class space    used 14190K, capacity 15186K, committed 16304K, reserved 1048576K
}
Event: 13178,433 GC heap before
{Heap before GC invocations=4806 (full 4603):
 PSYoungGen      total 114688K, used 58880K [0x00000000f5580000, 0x0000000100000000, 0x0000000100000000)
  eden space 58880K, 100% used [0x00000000f5580000,0x00000000f8f00000,0x00000000f8f00000)
  from space 55808K, 0% used [0x00000000fc980000,0x00000000fc980000,0x0000000100000000)
  to   space 57856K, 0% used [0x00000000f8f00000,0x00000000f8f00000,0x00000000fc780000)
 ParOldGen       total 349696K, used 349364K [0x00000000e0000000, 0x00000000f5580000, 0x00000000f5580000)
  object space 349696K, 99% used [0x00000000e0000000,0x00000000f552d360,0x00000000f5580000)
 Metaspace       used 113597K, capacity 119386K, committed 127656K, reserved 1161216K
  class space    used 14190K, capacity 15186K, committed 16304K, reserved 1048576K

